18:27:11 **** Incremental Build of configuration Debug for project Perceptron ****
make all 
Building file: ../main.cpp
Invoking: Cross G++ Compiler
g++ -O0 -g3 -Wall -c -fmessage-length=0 -MMD -MP -MF"main.d" -MT"main.o" -o "main.o" "../main.cpp"
../main.cpp:16:14: warning: non-static data member initializers only available with -std=c++11 or -std=gnu++11
  double r1 = 0, r2 = 0, r3 = 0;
              ^
../main.cpp:16:22: warning: non-static data member initializers only available with -std=c++11 or -std=gnu++11
  double r1 = 0, r2 = 0, r3 = 0;
                      ^
../main.cpp:16:30: warning: non-static data member initializers only available with -std=c++11 or -std=gnu++11
  double r1 = 0, r2 = 0, r3 = 0;
                              ^
../main.cpp: In function ‘std::vector<point> fill(std::__cxx11::string)’:
../main.cpp:44:20: warning: comparison between signed and unsigned integer expressions [-Wsign-compare]
  for (int i = 0; i < tokens.size(); i++) {
                    ^
../main.cpp:82:20: warning: comparison between signed and unsigned integer expressions [-Wsign-compare]
  for (int i = 0; i < temp.size(); i++) {
                    ^
../main.cpp:65:6: warning: unused variable ‘count’ [-Wunused-variable]
  int count = 0;
      ^
../main.cpp: In function ‘double dotP(std::vector<double>, std::vector<point>)’:
../main.cpp:93:20: warning: comparison between signed and unsigned integer expressions [-Wsign-compare]
  for (int i = 0; i < row.size(); i++) {
                    ^
../main.cpp: In function ‘void update(std::vector<double>*, double, std::vector<point>, double)’:
../main.cpp:101:20: warning: comparison between signed and unsigned integer expressions [-Wsign-compare]
  for (int i = 0; i < row.size(); i++) {
                    ^
../main.cpp:103:9: warning: comparison between signed and unsigned integer expressions [-Wsign-compare]
   if (i == row.size() - 1) {
         ^
../main.cpp: In function ‘perceptronReturn basicPerceptron(std::vector<std::vector<point> >, std::vector<int>, double, std::vector<double>)’:
../main.cpp:123:20: warning: comparison between signed and unsigned integer expressions [-Wsign-compare]
  for (int i = 0; i < matrix.size(); i++) {
                    ^
../main.cpp: In function ‘perceptronReturn perceptronDriver(std::__cxx11::string, std::vector<double>, double)’:
../main.cpp:188:20: warning: comparison between signed and unsigned integer expressions [-Wsign-compare]
  for (int i = 0; i < tempLines.size(); i++) {
                    ^
../main.cpp: In function ‘meanR crossValidate(std::vector<std::__cxx11::basic_string<char> >, int, double)’:
../main.cpp:220:20: warning: comparison between signed and unsigned integer expressions [-Wsign-compare]
  for (int i = 0; i < files.size(); i++) {
                    ^
../main.cpp: In function ‘int main()’:
../main.cpp:268:19: warning: comparison between signed and unsigned integer expressions [-Wsign-compare]
  for(int j = 0; j < learningRate.size(); j++){
                   ^
../main.cpp:269:20: warning: comparison between signed and unsigned integer expressions [-Wsign-compare]
   for(int i = 0; i < files.size(); i++){
                    ^
Finished building: ../main.cpp
 
Building target: Perceptron
Invoking: Cross G++ Linker
g++  -o "Perceptron"  ./main.o   
Finished building target: Perceptron
 

18:27:12 Build Finished (took 621ms)

